2022-12-01 17:54:02.454+0000 INFO  Starting...
2022-12-01 17:54:04.067+0000 INFO  This instance is ServerId{81b88e1a} (81b88e1a-66e7-4914-8b6a-6feb00129b11)
2022-12-01 17:54:06.321+0000 INFO  ======== Neo4j 5.1.0 ========
2022-12-01 17:54:09.605+0000 INFO  Bolt enabled on 0.0.0.0:7687.
2022-12-01 17:54:11.801+0000 INFO  Remote interface available at http://localhost:7474/
2022-12-01 17:54:11.811+0000 INFO  id: 66F91747093743A3B268D88D1F3BD1DE09844B1F7E1657D98878B25B25FBA449
2022-12-01 17:54:11.813+0000 INFO  name: system
2022-12-01 17:54:11.821+0000 INFO  creationDate: 2022-12-01T17:39:17.084Z
2022-12-01 17:54:11.822+0000 INFO  Started.
2022-12-01 18:01:17.237+0000 INFO  Starting...
2022-12-01 18:01:18.606+0000 INFO  This instance is ServerId{81b88e1a} (81b88e1a-66e7-4914-8b6a-6feb00129b11)
2022-12-01 18:01:21.213+0000 INFO  ======== Neo4j 5.1.0 ========
2022-12-01 18:01:25.463+0000 INFO  Bolt enabled on 0.0.0.0:7687.
2022-12-01 18:01:27.747+0000 INFO  Remote interface available at http://localhost:7474/
2022-12-01 18:01:27.762+0000 INFO  id: 66F91747093743A3B268D88D1F3BD1DE09844B1F7E1657D98878B25B25FBA449
2022-12-01 18:01:27.763+0000 INFO  name: system
2022-12-01 18:01:27.765+0000 INFO  creationDate: 2022-12-01T17:39:17.084Z
2022-12-01 18:01:27.767+0000 INFO  Started.
2022-12-01 18:09:06.125+0000 INFO  Neo4j Server shutdown initiated by request
2022-12-01 18:09:06.127+0000 INFO  Stopping...
